0 info it worked if it ends with ok
1 verbose cli [ '/Users/develop/.nvm/versions/node/v4.0.0/bin/node',
1 verbose cli   '/Users/develop/.nvm/versions/node/v4.0.0/bin/npm',
1 verbose cli   'install',
1 verbose cli   'faker' ]
2 info using npm@2.14.2
3 info using node@v4.0.0
4 verbose install initial load of /Users/develop/Google Drive/GITHUB/LISPINCSCLOTHING/LEARNING/PLURALSIGHT/ReactJSOnRails/00_GITHUB/package.json
5 verbose stack Error: Failed to parse json
5 verbose stack No value found for key faker at 24:3
5 verbose stack   }
5 verbose stack   ^
5 verbose stack     at parseError (/Users/develop/.nvm/versions/node/v4.0.0/lib/node_modules/npm/node_modules/read-package-json/read-json.js:379:11)
5 verbose stack     at parseJson (/Users/develop/.nvm/versions/node/v4.0.0/lib/node_modules/npm/node_modules/read-package-json/read-json.js:68:23)
5 verbose stack     at /Users/develop/.nvm/versions/node/v4.0.0/lib/node_modules/npm/node_modules/read-package-json/read-json.js:48:5
5 verbose stack     at FSReqWrap.readFileAfterClose [as oncomplete] (evalmachine.<anonymous>:380:3)
6 verbose cwd /Users/develop/Google Drive/GITHUB/LISPINCSCLOTHING/LEARNING/PLURALSIGHT/ReactJSOnRails/00_GITHUB
7 error Darwin 14.5.0
8 error argv "/Users/develop/.nvm/versions/node/v4.0.0/bin/node" "/Users/develop/.nvm/versions/node/v4.0.0/bin/npm" "install" "faker"
9 error node v4.0.0
10 error npm  v2.14.2
11 error file /Users/develop/Google Drive/GITHUB/LISPINCSCLOTHING/LEARNING/PLURALSIGHT/ReactJSOnRails/00_GITHUB/package.json
12 error code EJSONPARSE
13 error Failed to parse json
13 error No value found for key faker at 24:3
13 error   }
13 error   ^
14 error File: /Users/develop/Google Drive/GITHUB/LISPINCSCLOTHING/LEARNING/PLURALSIGHT/ReactJSOnRails/00_GITHUB/package.json
15 error Failed to parse package.json data.
15 error package.json must be actual JSON, not just JavaScript.
15 error
15 error This is not a bug in npm.
15 error Tell the package author to fix their package.json file. JSON.parse
16 verbose exit [ 1, true ]
